<?xml version="1.0" encoding="UTF-8"?>
<testsuites name='' tests='258' disabled='2' errors='0' failures='0' skipped='0' time='0.027'>
	<testsuite name='vector4' tests='47' disabled='0' failures='0' errors='0' skipped='0'>
		<testcase name='max_vector4_vector4' status='passed' time='0'/>
		<testcase name='negate' status='passed' time='0'/>
		<testcase name='operator_not_equals_vector4_true[2]' status='passed' time='0'/>
		<testcase name='norm_pow2' status='passed' time='0'/>
		<testcase name='operator_not_equals_vector4_true[1]' status='passed' time='0'/>
		<testcase name='operator_not_equals_vector4_false[0]' status='passed' time='0'/>
		<testcase name='operator_equals_equals_vector4_false[2]' status='passed' time='0'/>
		<testcase name='min_vector4_vector4' status='passed' time='0'/>
		<testcase name='operator_equals_equals_vector4_true[2]' status='passed' time='0'/>
		<testcase name='operator_equals_equals_vector4_true[0]' status='passed' time='0'/>
		<testcase name='operator_percent_vector4' status='passed' time='0'/>
		<testcase name='normalize' status='passed' time='0'/>
		<testcase name='operator_equals_equals_vector4_false[0]' status='passed' time='0'/>
		<testcase name='operator_multiply_vector4' status='passed' time='0'/>
		<testcase name='norm' status='passed' time='0'/>
		<testcase name='comp_div_vector4' status='passed' time='0'/>
		<testcase name='operator_divide_number' status='passed' time='0'/>
		<testcase name='operator_multiply_number_vector4' status='passed' time='0'/>
		<testcase name='operator_minus_vector4' status='passed' time='0'/>
		<testcase name='operator_not_equals_vector4_false[2]' status='passed' time='0'/>
		<testcase name='operator_plus_equals_vector4' status='passed' time='0'/>
		<testcase name='operator_plus_equals_vector3' status='passed' time='0'/>
		<testcase name='operator_multiply_number' status='passed' time='0'/>
		<testcase name='constructor_vector3_w' status='passed' time='0'/>
		<testcase name='set_number' status='passed' time='0'/>
		<testcase name='operator_plus_equals_vector2' status='passed' time='0'/>
		<testcase name='comp_multiply_vector4' status='passed' time='0'/>
		<testcase name='operator_not_equals_vector4_true[0]' status='passed' time='0'/>
		<testcase name='set_x_y_z_w' status='passed' time='0'/>
		<testcase name='operator_equals_vector2' status='passed' time='0'/>
		<testcase name='to' status='passed' time='0'/>
		<testcase name='operator_not_equals_vector4_false[1]' status='passed' time='0'/>
		<testcase name='operator_equals_number' status='passed' time='0'/>
		<testcase name='comp_divide_vector4' status='passed' time='0'/>
		<testcase name='operator_equals_equals_vector4_false[1]' status='passed' time='0'/>
		<testcase name='operator_multiply_equals_number' status='passed' time='0'/>
		<testcase name='operator_equals_vector3' status='passed' time='0'/>
		<testcase name='operator_divide_equals_number' status='passed' time='0'/>
		<testcase name='comp_mul_vector4' status='passed' time='0'/>
		<testcase name='constructor_n_w' status='passed' time='0'/>
		<testcase name='operator_minus' status='passed' time='0'/>
		<testcase name='constructor_x_y_z_w' status='passed' time='0'/>
		<testcase name='operator_minus_equals_vector4' status='passed' time='0'/>
		<testcase name='operator_equals_equals_vector4_true[1]' status='passed' time='0'/>
		<testcase name='operator_plus_vector4' status='passed' time='0'/>
		<testcase name='constructor_number' status='passed' time='0'/>
		<testcase name='constructor_vector2_z_w' status='passed' time='0'/>
	</testsuite>
	<testsuite name='vector3' tests='39' disabled='0' failures='0' errors='0' skipped='0'>
		<testcase name='max_vector3_vector3' status='passed' time='0'/>
		<testcase name='min_vector3_vector3' status='passed' time='0'/>
		<testcase name='rotate_quaternion' status='passed' time='0'/>
		<testcase name='norm_pow2' status='passed' time='0'/>
		<testcase name='negate' status='passed' time='0'/>
		<testcase name='is_zero[4]' status='passed' time='0'/>
		<testcase name='is_zero[3]' status='passed' time='0'/>
		<testcase name='normalize' status='passed' time='0'/>
		<testcase name='is_zero[2]' status='passed' time='0'/>
		<testcase name='is_zero[1]' status='passed' time='0'/>
		<testcase name='is_zero[0]' status='passed' time='0'/>
		<testcase name='comp_multiply_vector3' status='passed' time='0'/>
		<testcase name='operator_multiply_vector3' status='passed' time='0'/>
		<testcase name='norm' status='passed' time='0'/>
		<testcase name='comp_div_vector3' status='passed' time='0'/>
		<testcase name='operator_divide_number' status='passed' time='0'/>
		<testcase name='operator_divide_equals_number' status='passed' time='0'/>
		<testcase name='constructor_x_y_z' status='passed' time='0'/>
		<testcase name='operator_minus' status='passed' time='0'/>
		<testcase name='operator_equals_vector2' status='passed' time='0'/>
		<testcase name='operator_minus_equals_vector3' status='passed' time='0'/>
		<testcase name='comp_divide_vector3' status='passed' time='0'/>
		<testcase name='comp_mul_vector3' status='passed' time='0'/>
		<testcase name='operator_plus_vector3' status='passed' time='0'/>
		<testcase name='project_vector3' status='passed' time='0'/>
		<testcase name='operator_plus_equals_vector2' status='passed' time='0'/>
		<testcase name='operator_multiply_number_vector3' status='passed' time='0'/>
		<testcase name='set_number' status='passed' time='0'/>
		<testcase name='operator_minus_vector3' status='passed' time='0'/>
		<testcase name='to' status='passed' time='0'/>
		<testcase name='constructor_vector4' status='passed' time='0'/>
		<testcase name='operator_percent_vector3' status='passed' time='0'/>
		<testcase name='operator_multiply_equals_number' status='passed' time='0'/>
		<testcase name='set_x_y_z' status='passed' time='0'/>
		<testcase name='operator_equals_number' status='passed' time='0'/>
		<testcase name='constructor_number' status='passed' time='0'/>
		<testcase name='operator_plus_equals_vector3' status='passed' time='0'/>
		<testcase name='constructor_vector2_z' status='passed' time='0'/>
		<testcase name='operator_multiply_number' status='passed' time='0'/>
	</testsuite>
	<testsuite name='rectangle' tests='15' disabled='0' failures='0' errors='0' skipped='0'>
		<testcase name='operator_equals_rectangle' status='passed' time='0'/>
		<testcase name='to' status='passed' time='0'/>
		<testcase name='pdx_y' status='passed' time='0'/>
		<testcase name='pdx' status='passed' time='0'/>
		<testcase name='constructor_x_y_w_h' status='passed' time='0'/>
		<testcase name='constructor_vector2_vector2' status='passed' time='0'/>
		<testcase name='x_pdy' status='passed' time='0'/>
		<testcase name='pdx_pdy' status='passed' time='0'/>
		<testcase name='unite' status='passed' time='0'/>
		<testcase name='pdy' status='passed' time='0'/>
		<testcase name='intersect_zero_rectangle_with_non_zero_rectangle_should_result_in_zero_rectangle' status='passed' time='0'/>
		<testcase name='move_center_to' status='passed' time='0'/>
		<testcase name='center' status='passed' time='0'/>
		<testcase name='overlaps_vector2' status='passed' time='0'/>
		<testcase name='intersect_rectangle' status='passed' time='0'/>
	</testsuite>
	<testsuite name='matrix3' tests='19' disabled='0' failures='0' errors='0' skipped='0'>
		<testcase name='inv' status='passed' time='0'/>
		<testcase name='det' status='passed' time='0'/>
		<testcase name='translate_vector2' status='passed' time='0'/>
		<testcase name='translate_x_y' status='passed' time='0'/>
		<testcase name='scale_number' status='passed' time='0'/>
		<testcase name='scale_x_y' status='passed' time='0'/>
		<testcase name='scale_x_y_z' status='passed' time='0'/>
		<testcase name='left_mul_matrix3' status='passed' time='0'/>
		<testcase name='minor_r_c' status='passed' time='0'/>
		<testcase name='operator_multiply_equals_matrix3' status='passed' time='0'/>
		<testcase name='operator_multiply_vector3' status='passed' time='0'/>
		<testcase name='operator_multiply_matrix3' status='passed' time='0'/>
		<testcase name='transpose' status='passed' time='0'/>
		<testcase name='operator_multiply_vector2' status='passed' time='0'/>
		<testcase name='operator_output' status='passed' time='0'/>
		<testcase name='to' status='passed' time='0'/>
		<testcase name='constructor_3x_vector4' status='passed' time='0'/>
		<testcase name='rotate_angle' status='passed' time='0'/>
		<testcase name='operator_square_brackets' status='passed' time='0'/>
	</testsuite>
	<testsuite name='quaternion' tests='24' disabled='2' failures='0' errors='0' skipped='0'>
		<testcase name='operator_divide_number' status='passed' time='0'/>
		<testcase name='norm' status='passed' time='0'/>
		<testcase name='negate' status='passed' time='0'/>
		<testcase name='norm_pow2' status='passed' time='0'/>
		<testcase name='slerp_quaternion_t' status='disabled' time='0'/>
		<testcase name='set_identity' status='passed' time='0'/>
		<testcase name='set_rotation_vector3_angle' status='passed' time='0'/>
		<testcase name='operator_percent_quaternion' status='passed' time='0'/>
		<testcase name='operator_percent_equals_quaternion' status='passed' time='0'/>
		<testcase name='operator_multiply_quaternion' status='passed' time='0'/>
		<testcase name='constructor_vector3' status='passed' time='0'/>
		<testcase name='operator_plus_equals_quaternion' status='passed' time='0.001'/>
		<testcase name='constructor_x_y_z_w' status='passed' time='0'/>
		<testcase name='operator_divide_equals_number' status='passed' time='0'/>
		<testcase name='to_matrix4' status='disabled' time='0'/>
		<testcase name='operator_multiply_number' status='passed' time='0'/>
		<testcase name='operator_multiply_equals_number' status='passed' time='0'/>
		<testcase name='operator_plus_quaternion' status='passed' time='0'/>
		<testcase name='to' status='passed' time='0'/>
		<testcase name='set_rotation_x_y_z_a' status='passed' time='0'/>
		<testcase name='normalize' status='passed' time='0'/>
		<testcase name='operator_exclamation_mark' status='passed' time='0'/>
		<testcase name='operator_multiply_number_quaternion' status='passed' time='0'/>
		<testcase name='conjugate' status='passed' time='0'/>
	</testsuite>
	<testsuite name='vector2' tests='67' disabled='0' failures='0' errors='0' skipped='0'>
		<testcase name='floor_vector2' status='passed' time='0'/>
		<testcase name='ceil_vector2' status='passed' time='0'/>
		<testcase name='round_vector2' status='passed' time='0'/>
		<testcase name='rotated_angle' status='passed' time='0'/>
		<testcase name='set_x_y' status='passed' time='0'/>
		<testcase name='normed' status='passed' time='0'/>
		<testcase name='normalize' status='passed' time='0'/>
		<testcase name='norm' status='passed' time='0'/>
		<testcase name='is_negative[6]' status='passed' time='0'/>
		<testcase name='is_negative[4]' status='passed' time='0'/>
		<testcase name='is_negative[3]' status='passed' time='0'/>
		<testcase name='is_negative[5]' status='passed' time='0'/>
		<testcase name='is_negative[1]' status='passed' time='0'/>
		<testcase name='is_positive[6]' status='passed' time='0'/>
		<testcase name='is_positive[2]' status='passed' time='0'/>
		<testcase name='is_zero[6]' status='passed' time='0'/>
		<testcase name='operator_divide_equals_number' status='passed' time='0'/>
		<testcase name='operator_multiply_vector2' status='passed' time='0'/>
		<testcase name='is_positive[5]' status='passed' time='0'/>
		<testcase name='constructor_x_y' status='passed' time='0'/>
		<testcase name='is_positive[4]' status='passed' time='0'/>
		<testcase name='is_positive[0]' status='passed' time='0'/>
		<testcase name='is_positive_or_zero[6]' status='passed' time='0'/>
		<testcase name='is_negative[0]' status='passed' time='0'/>
		<testcase name='is_positive_or_zero[3]' status='passed' time='0'/>
		<testcase name='negate' status='passed' time='0'/>
		<testcase name='is_positive_or_zero[1]' status='passed' time='0'/>
		<testcase name='is_zero[5]' status='passed' time='0'/>
		<testcase name='is_zero[2]' status='passed' time='0'/>
		<testcase name='constructor_xy' status='passed' time='0'/>
		<testcase name='operator_plus_vector2' status='passed' time='0'/>
		<testcase name='comp_div_vector2' status='passed' time='0'/>
		<testcase name='is_zero[0]' status='passed' time='0'/>
		<testcase name='comp_divide_vector2' status='passed' time='0'/>
		<testcase name='is_positive_or_zero[2]' status='passed' time='0'/>
		<testcase name='comp_mul_vector2' status='passed' time='0'/>
		<testcase name='operator_divide_number' status='passed' time='0'/>
		<testcase name='is_positive_or_zero[0]' status='passed' time='0'/>
		<testcase name='is_zero[1]' status='passed' time='0'/>
		<testcase name='max_vector2_vector2' status='passed' time='0'/>
		<testcase name='min_vector2_vector2' status='passed' time='0'/>
		<testcase name='operator_multiply_number' status='passed' time='0'/>
		<testcase name='operator_minus_vector2' status='passed' time='0'/>
		<testcase name='set_number' status='passed' time='0'/>
		<testcase name='to' status='passed' time='0'/>
		<testcase name='operator_plus_number' status='passed' time='0'/>
		<testcase name='operator_plus_equals_vecotr2' status='passed' time='0'/>
		<testcase name='norm_pow2' status='passed' time='0'/>
		<testcase name='operator_plus_vector3' status='passed' time='0'/>
		<testcase name='is_zero[4]' status='passed' time='0'/>
		<testcase name='is_positive[1]' status='passed' time='0'/>
		<testcase name='operator_equals_vector3' status='passed' time='0'/>
		<testcase name='operator_minus' status='passed' time='0'/>
		<testcase name='is_positive[3]' status='passed' time='0'/>
		<testcase name='rotate_angle' status='passed' time='0'/>
		<testcase name='abs' status='passed' time='0'/>
		<testcase name='constructor_vector3' status='passed' time='0'/>
		<testcase name='operator_multiply_number_vector2' status='passed' time='0'/>
		<testcase name='is_positive_or_zero[4]' status='passed' time='0'/>
		<testcase name='is_zero[3]' status='passed' time='0'/>
		<testcase name='operator_multiply_equals_number' status='passed' time='0'/>
		<testcase name='variadic_args_constructor_is_not_used_to_convert_shared_ptr_to_vector' status='passed' time='0'/>
		<testcase name='operator_minus_equals_vector2' status='passed' time='0'/>
		<testcase name='is_positive_or_zero[5]' status='passed' time='0'/>
		<testcase name='is_negative[2]' status='passed' time='0'/>
		<testcase name='operator_minus_vector3' status='passed' time='0'/>
		<testcase name='comp_multiply_vector2' status='passed' time='0'/>
	</testsuite>
	<testsuite name='matrix4' tests='30' disabled='0' failures='0' errors='0' skipped='0'>
		<testcase name='det' status='passed' time='0'/>
		<testcase name='remove_r_c_and_minor_r_c' status='passed' time='0'/>
		<testcase name='rotate_vector3' status='passed' time='0'/>
		<testcase name='rotate_quaternion' status='passed' time='0'/>
		<testcase name='transpose' status='passed' time='0'/>
		<testcase name='operator_multiply_vector3' status='passed' time='0'/>
		<testcase name='translate_vector3' status='passed' time='0'/>
		<testcase name='rotate_number' status='passed' time='0'/>
		<testcase name='translate_x_y_z' status='passed' time='0'/>
		<testcase name='translate_vector2' status='passed' time='0'/>
		<testcase name='scale_vector2' status='passed' time='0'/>
		<testcase name='set_identity' status='passed' time='0'/>
		<testcase name='scale_number' status='passed' time='0'/>
		<testcase name='scale_x_y' status='passed' time='0'/>
		<testcase name='set_quaternion' status='passed' time='0'/>
		<testcase name='inv' status='passed' time='0'/>
		<testcase name='set_frustum_l_r_b_t_n_f' status='passed' time='0'/>
		<testcase name='left_mul_matrix4' status='passed' time='0'/>
		<testcase name='scale_x_y_z' status='passed' time='0'/>
		<testcase name='operator_output' status='passed' time='0'/>
		<testcase name='constructor_4x_vector4' status='passed' time='0'/>
		<testcase name='operator_multiply_equals_number' status='passed' time='0'/>
		<testcase name='translate_x_y' status='passed' time='0'/>
		<testcase name='scale_vector3' status='passed' time='0'/>
		<testcase name='operator_multiply_vector4' status='passed' time='0'/>
		<testcase name='operator_multiply_equals_matrix4' status='passed' time='0'/>
		<testcase name='tposed' status='passed' time='0'/>
		<testcase name='operator_multiply_matrix4' status='passed' time='0'/>
		<testcase name='operator_multiply_vector2' status='passed' time='0'/>
		<testcase name='constructor_quaternion' status='passed' time='0'/>
	</testsuite>
	<testsuite name='matrix2' tests='17' disabled='0' failures='0' errors='0' skipped='0'>
		<testcase name='inv' status='passed' time='0'/>
		<testcase name='rotate_angle' status='passed' time='0'/>
		<testcase name='translate_x_y' status='passed' time='0'/>
		<testcase name='translate_vector2' status='passed' time='0'/>
		<testcase name='scale_vector2' status='passed' time='0'/>
		<testcase name='scale_number' status='passed' time='0'/>
		<testcase name='set_identity' status='passed' time='0'/>
		<testcase name='operator_multiply_equals_matrix2' status='passed' time='0'/>
		<testcase name='det' status='passed' time='0'/>
		<testcase name='constructor_vector3_vector3' status='passed' time='0'/>
		<testcase name='operator_multiply_matrix2' status='passed' time='0'/>
		<testcase name='left_multiply_matrix2' status='passed' time='0'/>
		<testcase name='transpose' status='passed' time='0'/>
		<testcase name='operator_multiply_vector2' status='passed' time='0'/>
		<testcase name='scale_x_y' status='passed' time='0'/>
		<testcase name='to' status='passed' time='0'/>
		<testcase name='operator_out' status='passed' time='0'/>
	</testsuite>
</testsuites>
